<?xml version="1.0" encoding="UTF-8"?>
<coverage generated="1722927865560" clover="3.2.0">
  <project timestamp="1722927865560" name="All files">
    <metrics statements="25" coveredstatements="25" conditionals="14" coveredconditionals="13" methods="3" coveredmethods="3" elements="42" coveredelements="41" complexity="0" loc="25" ncloc="25" packages="1" files="1" classes="1"/>
    <file name="basic.js" path="/Users/naufalfathikhairi/purwadhika-jcwd2904/Modul02/testing/function-test/src/basic.js">
      <metrics statements="25" coveredstatements="25" conditionals="14" coveredconditionals="13" methods="3" coveredmethods="3"/>
      <line num="1" count="1" type="cond" truecount="1" falsecount="0"/>
      <line num="2" count="1" type="stmt"/>
      <line num="3" count="1" type="stmt"/>
      <line num="4" count="1" type="stmt"/>
      <line num="5" count="1" type="cond" truecount="1" falsecount="0"/>
      <line num="6" count="3" type="stmt"/>
      <line num="7" count="3" type="cond" truecount="0" falsecount="1"/>
      <line num="8" count="3" type="stmt"/>
      <line num="9" count="3" type="cond" truecount="1" falsecount="0"/>
      <line num="10" count="1" type="stmt"/>
      <line num="11" count="3" type="cond" truecount="2" falsecount="0"/>
      <line num="12" count="1" type="stmt"/>
      <line num="13" count="1" type="stmt"/>
      <line num="14" count="1" type="stmt"/>
      <line num="15" count="1" type="stmt"/>
      <line num="16" count="3" type="stmt"/>
      <line num="17" count="1" type="stmt"/>
      <line num="18" count="1" type="cond" truecount="1" falsecount="0"/>
      <line num="19" count="11" type="cond" truecount="1" falsecount="0"/>
      <line num="20" count="11" type="cond" truecount="3" falsecount="0"/>
      <line num="21" count="11" type="cond" truecount="2" falsecount="0"/>
      <line num="22" count="6" type="cond" truecount="1" falsecount="0"/>
      <line num="23" count="6" type="stmt"/>
      <line num="24" count="1" type="stmt"/>
      <line num="25" count="1" type="stmt"/>
    </file>
  </project>
</coverage>
