{"/Users/naufalfathikhairi/purwadhika-jcwd2904/Modul02/testing/function-test/src/basic.js": {"path":"/Users/naufalfathikhairi/purwadhika-jcwd2904/Modul02/testing/function-test/src/basic.js","all":false,"statementMap":{"0":{"start":{"line":1,"column":0},"end":{"line":1,"column":37}},"1":{"start":{"line":2,"column":0},"end":{"line":2,"column":20}},"2":{"start":{"line":3,"column":0},"end":{"line":3,"column":1}},"3":{"start":{"line":4,"column":0},"end":{"line":4,"column":0}},"4":{"start":{"line":5,"column":0},"end":{"line":5,"column":30}},"5":{"start":{"line":6,"column":0},"end":{"line":6,"column":56}},"6":{"start":{"line":7,"column":0},"end":{"line":7,"column":58}},"7":{"start":{"line":8,"column":0},"end":{"line":8,"column":0}},"8":{"start":{"line":9,"column":0},"end":{"line":9,"column":14}},"9":{"start":{"line":10,"column":0},"end":{"line":10,"column":13}},"10":{"start":{"line":11,"column":0},"end":{"line":11,"column":21}},"11":{"start":{"line":12,"column":0},"end":{"line":12,"column":13}},"12":{"start":{"line":13,"column":0},"end":{"line":13,"column":10}},"13":{"start":{"line":14,"column":0},"end":{"line":14,"column":13}},"14":{"start":{"line":15,"column":0},"end":{"line":15,"column":3}},"15":{"start":{"line":16,"column":0},"end":{"line":16,"column":1}},"16":{"start":{"line":17,"column":0},"end":{"line":17,"column":0}},"17":{"start":{"line":18,"column":0},"end":{"line":18,"column":30}},"18":{"start":{"line":19,"column":0},"end":{"line":19,"column":22}},"19":{"start":{"line":20,"column":0},"end":{"line":20,"column":35}},"20":{"start":{"line":21,"column":0},"end":{"line":21,"column":58}},"21":{"start":{"line":22,"column":0},"end":{"line":22,"column":30}},"22":{"start":{"line":23,"column":0},"end":{"line":23,"column":1}},"23":{"start":{"line":24,"column":0},"end":{"line":24,"column":0}},"24":{"start":{"line":25,"column":0},"end":{"line":25,"column":17}}},"s":{"0":1,"1":1,"2":1,"3":1,"4":1,"5":3,"6":3,"7":3,"8":3,"9":1,"10":3,"11":1,"12":1,"13":1,"14":1,"15":3,"16":1,"17":1,"18":11,"19":11,"20":11,"21":6,"22":6,"23":1,"24":1},"branchMap":{"0":{"type":"branch","line":1,"loc":{"start":{"line":1,"column":7},"end":{"line":3,"column":1}},"locations":[{"start":{"line":1,"column":7},"end":{"line":3,"column":1}}]},"1":{"type":"branch","line":5,"loc":{"start":{"line":5,"column":7},"end":{"line":16,"column":1}},"locations":[{"start":{"line":5,"column":7},"end":{"line":16,"column":1}}]},"2":{"type":"branch","line":7,"loc":{"start":{"line":7,"column":4},"end":{"line":7,"column":58}},"locations":[{"start":{"line":7,"column":4},"end":{"line":7,"column":58}}]},"3":{"type":"branch","line":9,"loc":{"start":{"line":9,"column":13},"end":{"line":11,"column":3}},"locations":[{"start":{"line":9,"column":13},"end":{"line":11,"column":3}}]},"4":{"type":"branch","line":11,"loc":{"start":{"line":11,"column":3},"end":{"line":15,"column":3}},"locations":[{"start":{"line":11,"column":3},"end":{"line":15,"column":3}}]},"5":{"type":"branch","line":11,"loc":{"start":{"line":11,"column":20},"end":{"line":15,"column":3}},"locations":[{"start":{"line":11,"column":20},"end":{"line":15,"column":3}}]},"6":{"type":"branch","line":18,"loc":{"start":{"line":18,"column":7},"end":{"line":23,"column":1}},"locations":[{"start":{"line":18,"column":7},"end":{"line":23,"column":1}}]},"7":{"type":"branch","line":19,"loc":{"start":{"line":19,"column":13},"end":{"line":19,"column":22}},"locations":[{"start":{"line":19,"column":13},"end":{"line":19,"column":22}}]},"8":{"type":"branch","line":20,"loc":{"start":{"line":20,"column":-1},"end":{"line":20,"column":14}},"locations":[{"start":{"line":20,"column":-1},"end":{"line":20,"column":14}}]},"9":{"type":"branch","line":20,"loc":{"start":{"line":20,"column":14},"end":{"line":20,"column":24}},"locations":[{"start":{"line":20,"column":14},"end":{"line":20,"column":24}}]},"10":{"type":"branch","line":20,"loc":{"start":{"line":20,"column":26},"end":{"line":20,"column":35}},"locations":[{"start":{"line":20,"column":26},"end":{"line":20,"column":35}}]},"11":{"type":"branch","line":21,"loc":{"start":{"line":21,"column":-1},"end":{"line":21,"column":16}},"locations":[{"start":{"line":21,"column":-1},"end":{"line":21,"column":16}}]},"12":{"type":"branch","line":21,"loc":{"start":{"line":21,"column":16},"end":{"line":21,"column":58}},"locations":[{"start":{"line":21,"column":16},"end":{"line":21,"column":58}}]},"13":{"type":"branch","line":22,"loc":{"start":{"line":22,"column":-1},"end":{"line":23,"column":1}},"locations":[{"start":{"line":22,"column":-1},"end":{"line":23,"column":1}}]}},"b":{"0":[1],"1":[3],"2":[0],"3":[1],"4":[2],"5":[1],"6":[11],"7":[1],"8":[10],"9":[9],"10":[3],"11":[7],"12":[1],"13":[6]},"fnMap":{"0":{"name":"sumAndPlusTen","decl":{"start":{"line":1,"column":7},"end":{"line":3,"column":1}},"loc":{"start":{"line":1,"column":7},"end":{"line":3,"column":1}},"line":1},"1":{"name":"maxNum","decl":{"start":{"line":5,"column":7},"end":{"line":16,"column":1}},"loc":{"start":{"line":5,"column":7},"end":{"line":16,"column":1}},"line":5},"2":{"name":"factorial","decl":{"start":{"line":18,"column":7},"end":{"line":23,"column":1}},"loc":{"start":{"line":18,"column":7},"end":{"line":23,"column":1}},"line":18}},"f":{"0":1,"1":3,"2":11}}
}
